<?xml version="1.0" encoding="UTF-8"?>
<!-- Generated by org.testng.reporters.JUnitXMLReporter -->
<testsuite ignored="0" hostname="Sarfaraz" failures="1" tests="6" name="Surefire test" time="3.217" errors="0" timestamp="2024-08-22T12:52:41 IST">
  <testcase classname="SeleniumPractice.TestComponents.BaseTest" name="@BeforeMethod launchapplication" time="1.039">
    <failure type="io.github.bonigarcia.wdm.config.WebDriverManagerException" message="java.net.UnknownHostException: googlechromelabs.github.io">
      <![CDATA[io.github.bonigarcia.wdm.config.WebDriverManagerException: java.net.UnknownHostException: googlechromelabs.github.io
at io.github.bonigarcia.wdm.WebDriverManager.handleException(WebDriverManager.java:1421)
at io.github.bonigarcia.wdm.WebDriverManager.manage(WebDriverManager.java:1190)
at io.github.bonigarcia.wdm.WebDriverManager.fallback(WebDriverManager.java:1437)
at io.github.bonigarcia.wdm.WebDriverManager.handleException(WebDriverManager.java:1415)
at io.github.bonigarcia.wdm.WebDriverManager.manage(WebDriverManager.java:1190)
at io.github.bonigarcia.wdm.WebDriverManager.setup(WebDriverManager.java:427)
at SeleniumPractice.TestComponents.BaseTest.initializeDriver(BaseTest.java:53)
at SeleniumPractice.TestComponents.BaseTest.launchapplication(BaseTest.java:99)
at java.base/java.util.ArrayList.forEach(ArrayList.java:1596)
Caused by: java.net.UnknownHostException: googlechromelabs.github.io
at java.base/java.net.InetAddress$CachedLookup.get(InetAddress.java:988)
at java.base/java.net.InetAddress.getAllByName0(InetAddress.java:1818)
at java.base/java.net.InetAddress.getAllByName(InetAddress.java:1688)
at org.apache.hc.client5.http.SystemDefaultDnsResolver.resolve(SystemDefaultDnsResolver.java:43)
at org.apache.hc.client5.http.impl.io.DefaultHttpClientConnectionOperator.connect(DefaultHttpClientConnectionOperator.java:141)
at org.apache.hc.client5.http.impl.io.PoolingHttpClientConnectionManager.connect(PoolingHttpClientConnectionManager.java:447)
at org.apache.hc.client5.http.impl.classic.InternalExecRuntime.connectEndpoint(InternalExecRuntime.java:162)
at org.apache.hc.client5.http.impl.classic.InternalExecRuntime.connectEndpoint(InternalExecRuntime.java:172)
at org.apache.hc.client5.http.impl.classic.ConnectExec.execute(ConnectExec.java:142)
at org.apache.hc.client5.http.impl.classic.ExecChainElement.execute(ExecChainElement.java:51)
at org.apache.hc.client5.http.impl.classic.ProtocolExec.execute(ProtocolExec.java:192)
at org.apache.hc.client5.http.impl.classic.ExecChainElement.execute(ExecChainElement.java:51)
at org.apache.hc.client5.http.impl.classic.HttpRequestRetryExec.execute(HttpRequestRetryExec.java:96)
at org.apache.hc.client5.http.impl.classic.ExecChainElement.execute(ExecChainElement.java:51)
at org.apache.hc.client5.http.impl.classic.ContentCompressionExec.execute(ContentCompressionExec.java:152)
at org.apache.hc.client5.http.impl.classic.ExecChainElement.execute(ExecChainElement.java:51)
at org.apache.hc.client5.http.impl.classic.RedirectExec.execute(RedirectExec.java:115)
at org.apache.hc.client5.http.impl.classic.ExecChainElement.execute(ExecChainElement.java:51)
at org.apache.hc.client5.http.impl.classic.InternalHttpClient.doExecute(InternalHttpClient.java:170)
at org.apache.hc.client5.http.impl.classic.CloseableHttpClient.execute(CloseableHttpClient.java:87)
at org.apache.hc.client5.http.impl.classic.CloseableHttpClient.execute(CloseableHttpClient.java:55)
at org.apache.hc.client5.http.classic.HttpClient.executeOpen(HttpClient.java:183)
at io.github.bonigarcia.wdm.online.HttpClient.execute(HttpClient.java:157)
at io.github.bonigarcia.wdm.online.Parser.parseJson(Parser.java:54)
at io.github.bonigarcia.wdm.managers.ChromeDriverManager.getDriverUrls(ChromeDriverManager.java:117)
at io.github.bonigarcia.wdm.WebDriverManager.createUrlHandler(WebDriverManager.java:1442)
at io.github.bonigarcia.wdm.WebDriverManager.download(WebDriverManager.java:1268)
at io.github.bonigarcia.wdm.WebDriverManager.manage(WebDriverManager.java:1184)
... 41 more
... Removed 34 stack frames]]>
    </failure>
  </testcase> <!-- @BeforeMethod launchapplication -->
  <testcase classname="SeleniumPractice.TestComponents.BaseTest" name="@AfterMethod teardown" time="0.002">
    <failure type="java.lang.NullPointerException" message="Cannot invoke &amp;quot;org.openqa.selenium.WebDriver.close()&amp;quot; because &amp;quot;this.driver&amp;quot; is null">
      <![CDATA[java.lang.NullPointerException: Cannot invoke "org.openqa.selenium.WebDriver.close()" because "this.driver" is null
at SeleniumPractice.TestComponents.BaseTest.teardown(BaseTest.java:109)
at java.base/java.util.ArrayList.forEach(ArrayList.java:1596)
... Removed 35 stack frames]]>
    </failure>
  </testcase> <!-- @AfterMethod teardown -->
  <testcase classname="SeleniumPractice.TestComponents.BaseTest" name="@BeforeMethod launchapplication" time="0.233">
    <failure type="io.github.bonigarcia.wdm.config.WebDriverManagerException" message="java.net.UnknownHostException: googlechromelabs.github.io">
      <![CDATA[io.github.bonigarcia.wdm.config.WebDriverManagerException: java.net.UnknownHostException: googlechromelabs.github.io
at io.github.bonigarcia.wdm.WebDriverManager.handleException(WebDriverManager.java:1421)
at io.github.bonigarcia.wdm.WebDriverManager.manage(WebDriverManager.java:1190)
at io.github.bonigarcia.wdm.WebDriverManager.fallback(WebDriverManager.java:1437)
at io.github.bonigarcia.wdm.WebDriverManager.handleException(WebDriverManager.java:1415)
at io.github.bonigarcia.wdm.WebDriverManager.manage(WebDriverManager.java:1190)
at io.github.bonigarcia.wdm.WebDriverManager.setup(WebDriverManager.java:427)
at SeleniumPractice.TestComponents.BaseTest.initializeDriver(BaseTest.java:53)
at SeleniumPractice.TestComponents.BaseTest.launchapplication(BaseTest.java:99)
at java.base/java.util.ArrayList.forEach(ArrayList.java:1596)
Caused by: java.net.UnknownHostException: googlechromelabs.github.io
at java.base/java.net.InetAddress$CachedLookup.get(InetAddress.java:988)
at java.base/java.net.InetAddress.getAllByName0(InetAddress.java:1818)
at java.base/java.net.InetAddress.getAllByName(InetAddress.java:1688)
at org.apache.hc.client5.http.SystemDefaultDnsResolver.resolve(SystemDefaultDnsResolver.java:43)
at org.apache.hc.client5.http.impl.io.DefaultHttpClientConnectionOperator.connect(DefaultHttpClientConnectionOperator.java:141)
at org.apache.hc.client5.http.impl.io.PoolingHttpClientConnectionManager.connect(PoolingHttpClientConnectionManager.java:447)
at org.apache.hc.client5.http.impl.classic.InternalExecRuntime.connectEndpoint(InternalExecRuntime.java:162)
at org.apache.hc.client5.http.impl.classic.InternalExecRuntime.connectEndpoint(InternalExecRuntime.java:172)
at org.apache.hc.client5.http.impl.classic.ConnectExec.execute(ConnectExec.java:142)
at org.apache.hc.client5.http.impl.classic.ExecChainElement.execute(ExecChainElement.java:51)
at org.apache.hc.client5.http.impl.classic.ProtocolExec.execute(ProtocolExec.java:192)
at org.apache.hc.client5.http.impl.classic.ExecChainElement.execute(ExecChainElement.java:51)
at org.apache.hc.client5.http.impl.classic.HttpRequestRetryExec.execute(HttpRequestRetryExec.java:96)
at org.apache.hc.client5.http.impl.classic.ExecChainElement.execute(ExecChainElement.java:51)
at org.apache.hc.client5.http.impl.classic.ContentCompressionExec.execute(ContentCompressionExec.java:152)
at org.apache.hc.client5.http.impl.classic.ExecChainElement.execute(ExecChainElement.java:51)
at org.apache.hc.client5.http.impl.classic.RedirectExec.execute(RedirectExec.java:115)
at org.apache.hc.client5.http.impl.classic.ExecChainElement.execute(ExecChainElement.java:51)
at org.apache.hc.client5.http.impl.classic.InternalHttpClient.doExecute(InternalHttpClient.java:170)
at org.apache.hc.client5.http.impl.classic.CloseableHttpClient.execute(CloseableHttpClient.java:87)
at org.apache.hc.client5.http.impl.classic.CloseableHttpClient.execute(CloseableHttpClient.java:55)
at org.apache.hc.client5.http.classic.HttpClient.executeOpen(HttpClient.java:183)
at io.github.bonigarcia.wdm.online.HttpClient.execute(HttpClient.java:157)
at io.github.bonigarcia.wdm.online.Parser.parseJson(Parser.java:54)
at io.github.bonigarcia.wdm.managers.ChromeDriverManager.getDriverUrls(ChromeDriverManager.java:117)
at io.github.bonigarcia.wdm.WebDriverManager.createUrlHandler(WebDriverManager.java:1442)
at io.github.bonigarcia.wdm.WebDriverManager.download(WebDriverManager.java:1268)
at io.github.bonigarcia.wdm.WebDriverManager.manage(WebDriverManager.java:1184)
... 41 more
... Removed 34 stack frames]]>
    </failure>
  </testcase> <!-- @BeforeMethod launchapplication -->
  <testcase classname="SeleniumPractice.TestComponents.BaseTest" name="@AfterMethod teardown" time="0.001">
    <failure type="java.lang.NullPointerException" message="Cannot invoke &amp;quot;org.openqa.selenium.WebDriver.close()&amp;quot; because &amp;quot;this.driver&amp;quot; is null">
      <![CDATA[java.lang.NullPointerException: Cannot invoke "org.openqa.selenium.WebDriver.close()" because "this.driver" is null
at SeleniumPractice.TestComponents.BaseTest.teardown(BaseTest.java:109)
at java.base/java.util.ArrayList.forEach(ArrayList.java:1596)
... Removed 35 stack frames]]>
    </failure>
  </testcase> <!-- @AfterMethod teardown -->
  <testcase classname="SeleniumPractice.TestComponents.BaseTest" name="@BeforeMethod launchapplication" time="0.289">
    <failure type="io.github.bonigarcia.wdm.config.WebDriverManagerException" message="java.net.UnknownHostException: googlechromelabs.github.io">
      <![CDATA[io.github.bonigarcia.wdm.config.WebDriverManagerException: java.net.UnknownHostException: googlechromelabs.github.io
at io.github.bonigarcia.wdm.WebDriverManager.handleException(WebDriverManager.java:1421)
at io.github.bonigarcia.wdm.WebDriverManager.manage(WebDriverManager.java:1190)
at io.github.bonigarcia.wdm.WebDriverManager.fallback(WebDriverManager.java:1437)
at io.github.bonigarcia.wdm.WebDriverManager.handleException(WebDriverManager.java:1415)
at io.github.bonigarcia.wdm.WebDriverManager.manage(WebDriverManager.java:1190)
at io.github.bonigarcia.wdm.WebDriverManager.setup(WebDriverManager.java:427)
at SeleniumPractice.TestComponents.BaseTest.initializeDriver(BaseTest.java:53)
at SeleniumPractice.TestComponents.BaseTest.launchapplication(BaseTest.java:99)
at java.base/java.util.ArrayList.forEach(ArrayList.java:1596)
Caused by: java.net.UnknownHostException: googlechromelabs.github.io
at java.base/java.net.InetAddress$CachedLookup.get(InetAddress.java:988)
at java.base/java.net.InetAddress.getAllByName0(InetAddress.java:1818)
at java.base/java.net.InetAddress.getAllByName(InetAddress.java:1688)
at org.apache.hc.client5.http.SystemDefaultDnsResolver.resolve(SystemDefaultDnsResolver.java:43)
at org.apache.hc.client5.http.impl.io.DefaultHttpClientConnectionOperator.connect(DefaultHttpClientConnectionOperator.java:141)
at org.apache.hc.client5.http.impl.io.PoolingHttpClientConnectionManager.connect(PoolingHttpClientConnectionManager.java:447)
at org.apache.hc.client5.http.impl.classic.InternalExecRuntime.connectEndpoint(InternalExecRuntime.java:162)
at org.apache.hc.client5.http.impl.classic.InternalExecRuntime.connectEndpoint(InternalExecRuntime.java:172)
at org.apache.hc.client5.http.impl.classic.ConnectExec.execute(ConnectExec.java:142)
at org.apache.hc.client5.http.impl.classic.ExecChainElement.execute(ExecChainElement.java:51)
at org.apache.hc.client5.http.impl.classic.ProtocolExec.execute(ProtocolExec.java:192)
at org.apache.hc.client5.http.impl.classic.ExecChainElement.execute(ExecChainElement.java:51)
at org.apache.hc.client5.http.impl.classic.HttpRequestRetryExec.execute(HttpRequestRetryExec.java:96)
at org.apache.hc.client5.http.impl.classic.ExecChainElement.execute(ExecChainElement.java:51)
at org.apache.hc.client5.http.impl.classic.ContentCompressionExec.execute(ContentCompressionExec.java:152)
at org.apache.hc.client5.http.impl.classic.ExecChainElement.execute(ExecChainElement.java:51)
at org.apache.hc.client5.http.impl.classic.RedirectExec.execute(RedirectExec.java:115)
at org.apache.hc.client5.http.impl.classic.ExecChainElement.execute(ExecChainElement.java:51)
at org.apache.hc.client5.http.impl.classic.InternalHttpClient.doExecute(InternalHttpClient.java:170)
at org.apache.hc.client5.http.impl.classic.CloseableHttpClient.execute(CloseableHttpClient.java:87)
at org.apache.hc.client5.http.impl.classic.CloseableHttpClient.execute(CloseableHttpClient.java:55)
at org.apache.hc.client5.http.classic.HttpClient.executeOpen(HttpClient.java:183)
at io.github.bonigarcia.wdm.online.HttpClient.execute(HttpClient.java:157)
at io.github.bonigarcia.wdm.online.Parser.parseJson(Parser.java:54)
at io.github.bonigarcia.wdm.managers.ChromeDriverManager.getDriverUrls(ChromeDriverManager.java:117)
at io.github.bonigarcia.wdm.WebDriverManager.createUrlHandler(WebDriverManager.java:1442)
at io.github.bonigarcia.wdm.WebDriverManager.download(WebDriverManager.java:1268)
at io.github.bonigarcia.wdm.WebDriverManager.manage(WebDriverManager.java:1184)
... 41 more
... Removed 34 stack frames]]>
    </failure>
  </testcase> <!-- @BeforeMethod launchapplication -->
  <testcase classname="SeleniumPractice.TestComponents.BaseTest" name="@AfterMethod teardown" time="0.0">
    <failure type="java.lang.NullPointerException" message="Cannot invoke &amp;quot;org.openqa.selenium.WebDriver.close()&amp;quot; because &amp;quot;this.driver&amp;quot; is null">
      <![CDATA[java.lang.NullPointerException: Cannot invoke "org.openqa.selenium.WebDriver.close()" because "this.driver" is null
at SeleniumPractice.TestComponents.BaseTest.teardown(BaseTest.java:109)
at java.base/java.util.ArrayList.forEach(ArrayList.java:1596)
... Removed 35 stack frames]]>
    </failure>
  </testcase> <!-- @AfterMethod teardown -->
  <testcase classname="SeleniumPractice.TestComponents.BaseTest" name="@BeforeMethod launchapplication" time="0.288">
    <failure type="io.github.bonigarcia.wdm.config.WebDriverManagerException" message="java.net.UnknownHostException: googlechromelabs.github.io">
      <![CDATA[io.github.bonigarcia.wdm.config.WebDriverManagerException: java.net.UnknownHostException: googlechromelabs.github.io
at io.github.bonigarcia.wdm.WebDriverManager.handleException(WebDriverManager.java:1421)
at io.github.bonigarcia.wdm.WebDriverManager.manage(WebDriverManager.java:1190)
at io.github.bonigarcia.wdm.WebDriverManager.fallback(WebDriverManager.java:1437)
at io.github.bonigarcia.wdm.WebDriverManager.handleException(WebDriverManager.java:1415)
at io.github.bonigarcia.wdm.WebDriverManager.manage(WebDriverManager.java:1190)
at io.github.bonigarcia.wdm.WebDriverManager.setup(WebDriverManager.java:427)
at SeleniumPractice.TestComponents.BaseTest.initializeDriver(BaseTest.java:53)
at SeleniumPractice.TestComponents.BaseTest.launchapplication(BaseTest.java:99)
at java.base/java.util.ArrayList.forEach(ArrayList.java:1596)
Caused by: java.net.UnknownHostException: googlechromelabs.github.io
at java.base/java.net.InetAddress$CachedLookup.get(InetAddress.java:988)
at java.base/java.net.InetAddress.getAllByName0(InetAddress.java:1818)
at java.base/java.net.InetAddress.getAllByName(InetAddress.java:1688)
at org.apache.hc.client5.http.SystemDefaultDnsResolver.resolve(SystemDefaultDnsResolver.java:43)
at org.apache.hc.client5.http.impl.io.DefaultHttpClientConnectionOperator.connect(DefaultHttpClientConnectionOperator.java:141)
at org.apache.hc.client5.http.impl.io.PoolingHttpClientConnectionManager.connect(PoolingHttpClientConnectionManager.java:447)
at org.apache.hc.client5.http.impl.classic.InternalExecRuntime.connectEndpoint(InternalExecRuntime.java:162)
at org.apache.hc.client5.http.impl.classic.InternalExecRuntime.connectEndpoint(InternalExecRuntime.java:172)
at org.apache.hc.client5.http.impl.classic.ConnectExec.execute(ConnectExec.java:142)
at org.apache.hc.client5.http.impl.classic.ExecChainElement.execute(ExecChainElement.java:51)
at org.apache.hc.client5.http.impl.classic.ProtocolExec.execute(ProtocolExec.java:192)
at org.apache.hc.client5.http.impl.classic.ExecChainElement.execute(ExecChainElement.java:51)
at org.apache.hc.client5.http.impl.classic.HttpRequestRetryExec.execute(HttpRequestRetryExec.java:96)
at org.apache.hc.client5.http.impl.classic.ExecChainElement.execute(ExecChainElement.java:51)
at org.apache.hc.client5.http.impl.classic.ContentCompressionExec.execute(ContentCompressionExec.java:152)
at org.apache.hc.client5.http.impl.classic.ExecChainElement.execute(ExecChainElement.java:51)
at org.apache.hc.client5.http.impl.classic.RedirectExec.execute(RedirectExec.java:115)
at org.apache.hc.client5.http.impl.classic.ExecChainElement.execute(ExecChainElement.java:51)
at org.apache.hc.client5.http.impl.classic.InternalHttpClient.doExecute(InternalHttpClient.java:170)
at org.apache.hc.client5.http.impl.classic.CloseableHttpClient.execute(CloseableHttpClient.java:87)
at org.apache.hc.client5.http.impl.classic.CloseableHttpClient.execute(CloseableHttpClient.java:55)
at org.apache.hc.client5.http.classic.HttpClient.executeOpen(HttpClient.java:183)
at io.github.bonigarcia.wdm.online.HttpClient.execute(HttpClient.java:157)
at io.github.bonigarcia.wdm.online.Parser.parseJson(Parser.java:54)
at io.github.bonigarcia.wdm.managers.ChromeDriverManager.getDriverUrls(ChromeDriverManager.java:117)
at io.github.bonigarcia.wdm.WebDriverManager.createUrlHandler(WebDriverManager.java:1442)
at io.github.bonigarcia.wdm.WebDriverManager.download(WebDriverManager.java:1268)
at io.github.bonigarcia.wdm.WebDriverManager.manage(WebDriverManager.java:1184)
... 41 more
... Removed 34 stack frames]]>
    </failure>
  </testcase> <!-- @BeforeMethod launchapplication -->
  <testcase classname="SeleniumPractice.TestComponents.BaseTest" name="@AfterMethod teardown" time="0.0">
    <failure type="java.lang.NullPointerException" message="Cannot invoke &amp;quot;org.openqa.selenium.WebDriver.close()&amp;quot; because &amp;quot;this.driver&amp;quot; is null">
      <![CDATA[java.lang.NullPointerException: Cannot invoke "org.openqa.selenium.WebDriver.close()" because "this.driver" is null
at SeleniumPractice.TestComponents.BaseTest.teardown(BaseTest.java:109)
at java.base/java.util.ArrayList.forEach(ArrayList.java:1596)
... Removed 35 stack frames]]>
    </failure>
  </testcase> <!-- @AfterMethod teardown -->
  <testcase classname="io.cucumber.testng.AbstractTestNGCucumberTests" name="runScenario" time="0.2">
    <failure type="io.cucumber.testng.UndefinedStepException" message="The step &amp;apos;I landed on ECommerce page&amp;apos; and 2 other step(s) are undefined.
You can implement these steps using the snippet(s) below:

@Given(&amp;quot;I landed on ECommerce page&amp;quot;)
public void i_landed_on_e_commerce_page() {
    // Write code here that turns the phrase above into concrete actions
    throw new io.cucumber.java.PendingException();
}
@When(&amp;quot;I add Product ADIDAS ORIGINAL to cart&amp;quot;)
public void i_add_product_adidas_original_to_cart() {
    // Write code here that turns the phrase above into concrete actions
    throw new io.cucumber.java.PendingException();
}
@Then(&amp;quot;{string} message is displayed on confirmation page&amp;quot;)
public void message_is_displayed_on_confirmation_page(String string) {
    // Write code here that turns the phrase above into concrete actions
    throw new io.cucumber.java.PendingException();
}
">
      <![CDATA[io.cucumber.testng.UndefinedStepException: The step 'I landed on ECommerce page' and 2 other step(s) are undefined.
You can implement these steps using the snippet(s) below:

@Given("I landed on ECommerce page")
public void i_landed_on_e_commerce_page() {
    // Write code here that turns the phrase above into concrete actions
    throw new io.cucumber.java.PendingException();
}
@When("I add Product ADIDAS ORIGINAL to cart")
public void i_add_product_adidas_original_to_cart() {
    // Write code here that turns the phrase above into concrete actions
    throw new io.cucumber.java.PendingException();
}
@Then("{string} message is displayed on confirmation page")
public void message_is_displayed_on_confirmation_page(String string) {
    // Write code here that turns the phrase above into concrete actions
    throw new io.cucumber.java.PendingException();
}

at io.cucumber.core.runtime.TestCaseResultObserver.assertTestCasePassed(TestCaseResultObserver.java:69)
at io.cucumber.testng.TestCaseResultObserver.assertTestCasePassed(TestCaseResultObserver.java:23)
at io.cucumber.testng.TestNGCucumberRunner.lambda$runScenario$1(TestNGCucumberRunner.java:133)
at io.cucumber.core.runtime.CucumberExecutionContext.lambda$runTestCase$5(CucumberExecutionContext.java:136)
at io.cucumber.core.runtime.RethrowingThrowableCollector.executeAndThrow(RethrowingThrowableCollector.java:23)
at io.cucumber.core.runtime.CucumberExecutionContext.runTestCase(CucumberExecutionContext.java:136)
at io.cucumber.testng.TestNGCucumberRunner.runScenario(TestNGCucumberRunner.java:129)
at io.cucumber.testng.AbstractTestNGCucumberTests.runScenario(AbstractTestNGCucumberTests.java:35)
at java.base/java.util.ArrayList.forEach(ArrayList.java:1596)
... Removed 30 stack frames]]>
    </failure>
  </testcase> <!-- runScenario -->
  <testcase classname="SeleniumPractice.tests.ErrorValidationsTest" name="LoginErrorValidations" time="0.0">
    <skipped/>
  </testcase> <!-- LoginErrorValidations -->
  <testcase classname="SeleniumPractice.tests.ErrorValidationsTest" name="ProductErrorValidation" time="0.001">
    <skipped/>
  </testcase> <!-- ProductErrorValidation -->
  <testcase classname="SeleniumPractice.tests.SubmitOrderTest" name="SubmitOrder" time="0.0">
    <skipped/>
  </testcase> <!-- SubmitOrder -->
  <testcase classname="SeleniumPractice.tests.SubmitOrderTest" name="SubmitOrder" time="0.0">
    <skipped/>
  </testcase> <!-- SubmitOrder -->
  <testcase classname="SeleniumPractice.tests.SubmitOrderTest" name="OrderHistoryTest" time="0.0">
    <skipped/>
  </testcase> <!-- OrderHistoryTest -->
</testsuite> <!-- Surefire test -->
